<?xml version="1.0" encoding="UTF-8"?>
<!-- Generated by org.testng.reporters.JUnitXMLReporter -->
<testsuite ignored="0" hostname="A_Device" failures="0" tests="3" name="Default test" time="22.297" errors="0" timestamp="2023-11-14T19:38:25 PST">
  <testcase classname="ecommercetest.EcommerceTest" name="TC05" time="4.273"/>
  <testcase classname="ecommercetest.EcommerceTest" name="TC06" time="5.75"/>
  <testcase classname="ecommercetest.EcommerceTest" name="TC03" time="2.51"/>
</testsuite> <!-- Default test -->
