<?xml version="1.0" encoding="UTF-8"?>
<!-- Generated by org.testng.reporters.JUnitXMLReporter -->
<testsuite ignored="0" hostname="A_Device" failures="0" tests="3" name="Default test" time="26.32" errors="0" timestamp="2023-10-13T11:38:51 PDT">
  <testcase classname="ecommercetest.EcommerceTest" name="TC02" time="6.248"/>
  <testcase classname="ecommercetest.EcommerceTest" name="TC04" time="8.63"/>
  <testcase classname="ecommercetest.EcommerceTest" name="TC03" time="2.637"/>
</testsuite> <!-- Default test -->
